<?xml version="1.0" encoding="UTF-8"?>
<!-- Generated by org.testng.reporters.JUnitReportReporter -->
<testsuite hostname="HGT-LAP-310" failures="0" tests="1" name="TestCase.LoginPageTest" time="55.891" errors="0" timestamp="2024-10-04T15:45:55 IST" skipped="0">
  <testcase classname="TestCase.LoginPageTest" name="Verifyscrool" time="55.891"/>
  <system-out/>
</testsuite> <!-- TestCase.LoginPageTest -->
