<?xml version="1.0" encoding="UTF-8"?>
<!-- Generated by org.testng.reporters.JUnitReportReporter -->
<testsuite hostname="HGT-LAP-310" failures="0" tests="3" name="TestCase.FormTemplate_Testcases" time="124.404" errors="0" timestamp="2024-07-02T16:26:33 IST" skipped="2">
  <testcase classname="TestCase.FormTemplate_Testcases" name="ContentHorizontalLine" time="124.404"/>
  <system-out/>
  <testcase classname="TestCase.FormTemplate_Testcases" name="AdvancedAuthorizedSignature">
    <skipped/>
  </testcase> <!-- AdvancedAuthorizedSignature -->
  <system-out/>
  <testcase classname="TestCase.FormTemplate_Testcases" name="AdvancedDataTable">
    <skipped/>
  </testcase> <!-- AdvancedDataTable -->
  <system-out/>
</testsuite> <!-- TestCase.FormTemplate_Testcases -->
