<?xml version="1.0" encoding="UTF-8"?>
<!-- Generated by org.testng.reporters.JUnitReportReporter -->
<testsuite hostname="HGT-LAP-310" failures="0" tests="1" name="TestCase.Settings_Case" time="91.451" errors="0" timestamp="2024-08-06T11:05:00 IST" skipped="0">
  <testcase classname="TestCase.Settings_Case" name="validesettings" time="91.451"/>
  <system-out/>
</testsuite> <!-- TestCase.Settings_Case -->
