<?xml version="1.0" encoding="UTF-8"?>
<!-- Generated by org.testng.reporters.JUnitReportReporter -->
<testsuite hostname="HGT-LAP-310" failures="0" tests="5" name="TestCase.EntitiesScenariosTestRamya" time="157.767" errors="0" timestamp="2024-03-28T18:10:04 IST" skipped="4">
  <testcase classname="TestCase.EntitiesScenariosTestRamya" name="Verify4841" time="157.767"/>
  <system-out/>
  <testcase classname="TestCase.EntitiesScenariosTestRamya" name="VerifyCreateEntities">
    <skipped/>
  </testcase> <!-- VerifyCreateEntities -->
  <system-out/>
  <testcase classname="TestCase.EntitiesScenariosTestRamya" name="VerifyGeneralEntitytype">
    <skipped/>
  </testcase> <!-- VerifyGeneralEntitytype -->
  <system-out/>
  <testcase classname="TestCase.EntitiesScenariosTestRamya" name="VerifyBusinessentity">
    <skipped/>
  </testcase> <!-- VerifyBusinessentity -->
  <system-out/>
  <testcase classname="TestCase.EntitiesScenariosTestRamya" name="VerifyIndividualEntityType">
    <skipped/>
  </testcase> <!-- VerifyIndividualEntityType -->
  <system-out/>
</testsuite> <!-- TestCase.EntitiesScenariosTestRamya -->
