<?xml version="1.0" encoding="UTF-8"?>
<!-- Generated by org.testng.reporters.JUnitReportReporter -->
<testsuite hostname="HGT-LAP-310" failures="0" tests="1" name="TestCase.TC_RelatedToWorkflows_meghana" time="48.808" errors="0" timestamp="2024-09-04T15:32:26 IST" skipped="0">
  <testcase classname="TestCase.TC_RelatedToWorkflows_meghana" name="clickWF" time="48.808"/>
  <system-out/>
</testsuite> <!-- TestCase.TC_RelatedToWorkflows_meghana -->
