<?xml version="1.0" encoding="UTF-8"?>
<!-- Generated by org.testng.reporters.JUnitReportReporter -->
<testsuite hostname="HGT-LAP-310" failures="0" tests="1" name="TestCase.TestCases_Meghana" time="133.902" errors="0" timestamp="2024-01-22T18:14:38 IST" skipped="0">
  <testcase classname="TestCase.TestCases_Meghana" name="waitforOthers" time="133.902"/>
  <system-out/>
</testsuite> <!-- TestCase.TestCases_Meghana -->
