<?xml version="1.0" encoding="UTF-8"?>
<!-- Generated by org.testng.reporters.JUnitReportReporter -->
<testsuite hostname="HGT-LAP-310" failures="0" tests="2" name="TestCase.TestCases_Meghana" time="478.499" errors="0" timestamp="2024-05-24T10:48:52 IST" skipped="1">
  <testcase classname="TestCase.TestCases_Meghana" name="BlankDocWithEnforcement" time="478.499"/>
  <system-out/>
  <testcase classname="TestCase.TestCases_Meghana" name="BasicfeildsCompanyProfile">
    <skipped/>
  </testcase> <!-- BasicfeildsCompanyProfile -->
  <system-out/>
</testsuite> <!-- TestCase.TestCases_Meghana -->
