<?xml version="1.0" encoding="UTF-8"?>
<!-- Generated by org.testng.reporters.JUnitReportReporter -->
<testsuite hostname="HGT-LAP-310" failures="0" tests="1" name="TestCase.TestCases_Prudhvi" time="480.903" errors="0" timestamp="2024-01-24T09:19:32 IST" skipped="0">
  <testcase classname="TestCase.TestCases_Prudhvi" name="Review" time="480.903"/>
  <system-out/>
</testsuite> <!-- TestCase.TestCases_Prudhvi -->
