<?xml version="1.0" encoding="UTF-8"?>
<!-- Generated by org.testng.reporters.JUnitReportReporter -->
<testsuite hostname="HGT-LAP-310" failures="0" tests="1" name="TestCase.TestCases_Jeevitha" time="97.392" errors="0" timestamp="2024-01-22T18:19:55 IST" skipped="0">
  <testcase classname="TestCase.TestCases_Jeevitha" name="ContactsModule" time="97.392"/>
  <system-out/>
</testsuite> <!-- TestCase.TestCases_Jeevitha -->
