<?xml version="1.0" encoding="UTF-8"?>
<!-- Generated by org.testng.reporters.JUnitReportReporter -->
<testsuite hostname="HGT-LAP-310" failures="0" tests="1" name="TestCase.TestCases_Prudhvi" time="283.679" errors="0" timestamp="2024-04-02T16:19:25 IST" skipped="0">
  <testcase classname="TestCase.TestCases_Prudhvi" name="ValidScr" time="283.679"/>
  <system-out/>
</testsuite> <!-- TestCase.TestCases_Prudhvi -->
