<?xml version="1.0" encoding="UTF-8"?>
<!-- Generated by org.testng.reporters.JUnitReportReporter -->
<testsuite hostname="HGT-LAP-310" failures="0" tests="1" name="TestCase.Testcases_Ramya" time="139.161" errors="0" timestamp="2024-01-22T17:40:52 IST" skipped="0">
  <testcase classname="TestCase.Testcases_Ramya" name="VerifyDocuments" time="139.161"/>
  <system-out/>
</testsuite> <!-- TestCase.Testcases_Ramya -->
